<?xml version="1.0" encoding="UTF-8"?>
<testsuite xmlns:xsi="http://www.w3.org/2001/XMLSchema-instance" xsi:noNamespaceSchemaLocation="https://maven.apache.org/surefire/maven-surefire-plugin/xsd/surefire-test-report.xsd" name="Setup.RunCukesTest" time="136.075" tests="12" errors="4" skipped="8" failures="0">
  <properties>
[...]
</properties>
  <testcase name="| bspot@Cerebralfix.com |" classname="| bspot@Cerebralfix.com |" time="57.862">
    <error message="Unable to create new remote session. desired capabilities = Capabilities [{app=/Users/cerebralfix/Library/Developer/Xcode/DerivedData/lounge7-cdhfrquecxrrngcfhktxoayaftxq/Build/Products/Debug-iphonesimulator/lounge7.app, appium-version=1.6, platformVersion=10.3, bundleId=com.bspot.casino101.test, browserName=, platformName=iOS, deviceName=iPhone 7 Plus}], required capabilities = Capabilities [{}]&#10;Build info: version: &apos;3.0.1&apos;, revision: &apos;1969d75&apos;, time: &apos;2016-10-18 09:49:13 -0700&apos;&#10;System info: host: &apos;cf-mac-020.local&apos;, ip: &apos;192.168.1.148&apos;, os.name: &apos;Mac OS X&apos;, os.arch: &apos;x86_64&apos;, os.version: &apos;10.12.6&apos;, java.version: &apos;1.8.0_144&apos;&#10;Driver info: driver.version: IOSDriver" type="org.openqa.selenium.SessionNotCreatedException">org.openqa.selenium.SessionNotCreatedException: 
Unable to create new remote session. desired capabilities = Capabilities [{app=/Users/cerebralfix/Library/Developer/Xcode/DerivedData/lounge7-cdhfrquecxrrngcfhktxoayaftxq/Build/Products/Debug-iphonesimulator/lounge7.app, appium-version=1.6, platformVersion=10.3, bundleId=com.bspot.casino101.test, browserName=, platformName=iOS, deviceName=iPhone 7 Plus}], required capabilities = Capabilities [{}]
Build info: version: '3.0.1', revision: '1969d75', time: '2016-10-18 09:49:13 -0700'
System info: host: 'cf-mac-020.local', ip: '192.168.1.148', os.name: 'Mac OS X', os.arch: 'x86_64', os.version: '10.12.6', java.version: '1.8.0_144'
Driver info: driver.version: IOSDriver
</error>
    <system-out><![CDATA[Feature: Test Login
  
  Test user login condition

  @Login
  Scenario Outline: Login to app with differnet username and passowrd using scenario outline &amp#27;[90m# features/Chekc.feature:6&amp#27;[0m
    &amp#27;[36mGiven &amp#27;[0m&amp#27;[36mI open application on device&amp#27;[0m
    &amp#27;[36mThen &amp#27;[0m&amp#27;[36mI click on login button&amp#27;[0m
    &amp#27;[36mWhen &amp#27;[0m&amp#27;[36mI enter credentials "bspot@ce" as username&amp#27;[0m
    &amp#27;[36mWhen &amp#27;[0m&amp#27;[36mI enter the credentials "rebralfix.com" as username&amp#27;[0m

    Examples: 
]]></system-out>
    <system-err><![CDATA[Sep 11, 2017 4:34:26 PM org.openqa.selenium.remote.ProtocolHandshake createSession
INFO: Attempting bi-dialect session, assuming Postel's Law holds true on the remote end
log4j:WARN No appenders could be found for logger (org.apache.http.client.protocol.RequestAddCookies).
log4j:WARN Please initialize the log4j system properly.
log4j:WARN See http://logging.apache.org/log4j/1.2/faq.html#noconfig for more info.
Sep 11, 2017 4:34:33 PM org.openqa.selenium.remote.ProtocolHandshake createSession
INFO: Falling back to original OSS JSON Wire Protocol.
Sep 11, 2017 4:34:33 PM org.openqa.selenium.remote.ProtocolHandshake createSession
INFO: Falling back to straight W3C remote end connection
]]></system-err>
  </testcase>
  <testcase name="| bspot@Cerebralfix.com |" classname="| bspot@Cerebralfix.com |" time="57.879">
    <error type="java.lang.NullPointerException">java.lang.NullPointerException
</error>
  </testcase>
  <testcase name="Given I open application on device" classname="| bspot@Cerebralfix.com |" time="0">
    <skipped/>
    <system-out><![CDATA[&amp#27;[31mFailure in before hook:&amp#27;[0m&amp#27;[31mHooks.beforeHookfunction()&amp#27;[0m
&amp#27;[31mMessage: &amp#27;[0m&amp#27;[31morg.openqa.selenium.SessionNotCreatedException: Unable to create new remote session. desired capabilities = Capabilities [{app=/Users/cerebralfix/Library/Developer/Xcode/DerivedData/lounge7-cdhfrquecxrrngcfhktxoayaftxq/Build/Products/Debug-iphonesimulator/lounge7.app, appium-version=1.6, platformVersion=10.3, bundleId=com.bspot.casino101.test, browserName=, platformName=iOS, deviceName=iPhone 7 Plus}], required capabilities = Capabilities [{}]
Build info: version: '3.0.1', revision: '1969d75', time: '2016-10-18 09:49:13 -0700'
System info: host: 'cf-mac-020.local', ip: '192.168.1.148', os.name: 'Mac OS X', os.arch: 'x86_64', os.version: '10.12.6', java.version: '1.8.0_144'
Driver info: driver.version: IOSDriver
	at org.openqa.selenium.remote.ProtocolHandshake.createSession(ProtocolHandshake.java:91)
	at org.openqa.selenium.remote.HttpCommandExecutor.execute(HttpCommandExecutor.java:141)
	at io.appium.java_client.remote.AppiumCommandExecutor.execute(AppiumCommandExecutor.java:69)
	at org.openqa.selenium.remote.RemoteWebDriver.execute(RemoteWebDriver.java:601)
	at io.appium.java_client.DefaultGenericMobileDriver.execute(DefaultGenericMobileDriver.java:40)
	at io.appium.java_client.AppiumDriver.execute(AppiumDriver.java:1)
	at io.appium.java_client.ios.IOSDriver.execute(IOSDriver.java:1)
	at org.openqa.selenium.remote.RemoteWebDriver.startSession(RemoteWebDriver.java:241)
	at org.openqa.selenium.remote.RemoteWebDriver.<init>(RemoteWebDriver.java:128)
	at org.openqa.selenium.remote.RemoteWebDriver.<init>(RemoteWebDriver.java:141)
	at io.appium.java_client.DefaultGenericMobileDriver.<init>(DefaultGenericMobileDriver.java:36)
	at io.appium.java_client.AppiumDriver.<init>(AppiumDriver.java:114)
	at io.appium.java_client.AppiumDriver.<init>(AppiumDriver.java:132)
	at io.appium.java_client.ios.IOSDriver.<init>(IOSDriver.java:82)
	at Setup.AppiumSetup.createDriver(AppiumSetup.java:50)
	at Setup.Hooks.beforeHookfunction(Hooks.java:18)
	at sun.reflect.NativeMethodAccessorImpl.invoke0(Native Method)
	at sun.reflect.NativeMethodAccessorImpl.invoke(NativeMethodAccessorImpl.java:62)
	at sun.reflect.DelegatingMethodAccessorImpl.invoke(DelegatingMethodAccessorImpl.java:43)
	at java.lang.reflect.Method.invoke(Method.java:498)
	at cucumber.runtime.Utils$1.call(Utils.java:40)
	at cucumber.runtime.Timeout.timeout(Timeout.java:16)
	at cucumber.runtime.Utils.invoke(Utils.java:34)
	at cucumber.runtime.java.JavaHookDefinition.execute(JavaHookDefinition.java:59)
	at cucumber.runtime.Runtime.runHookIfTagsMatch(Runtime.java:224)
	at cucumber.runtime.Runtime.runHooks(Runtime.java:212)
	at cucumber.runtime.Runtime.runBeforeHooks(Runtime.java:202)
	at cucumber.runtime.model.CucumberScenario.run(CucumberScenario.java:40)
	at cucumber.runtime.junit.ExecutionUnitRunner.run(ExecutionUnitRunner.java:102)
	at org.junit.runners.Suite.runChild(Suite.java:128)
	at org.junit.runners.Suite.runChild(Suite.java:27)
	at org.junit.runners.ParentRunner$3.run(ParentRunner.java:290)
	at org.junit.runners.ParentRunner$1.schedule(ParentRunner.java:71)
	at org.junit.runners.ParentRunner.runChildren(ParentRunner.java:288)
	at org.junit.runners.ParentRunner.access$000(ParentRunner.java:58)
	at org.junit.runners.ParentRunner$2.evaluate(ParentRunner.java:268)
	at org.junit.runners.ParentRunner.run(ParentRunner.java:363)
	at cucumber.runtime.junit.ExamplesRunner.run(ExamplesRunner.java:59)
	at org.junit.runners.Suite.runChild(Suite.java:128)
	at org.junit.runners.Suite.runChild(Suite.java:27)
	at org.junit.runners.ParentRunner$3.run(ParentRunner.java:290)
	at org.junit.runners.ParentRunner$1.schedule(ParentRunner.java:71)
	at org.junit.runners.ParentRunner.runChildren(ParentRunner.java:288)
	at org.junit.runners.ParentRunner.access$000(ParentRunner.java:58)
	at org.junit.runners.ParentRunner$2.evaluate(ParentRunner.java:268)
	at org.junit.runners.ParentRunner.run(ParentRunner.java:363)
	at cucumber.runtime.junit.ScenarioOutlineRunner.run(ScenarioOutlineRunner.java:53)
	at cucumber.runtime.junit.FeatureRunner.runChild(FeatureRunner.java:63)
	at cucumber.runtime.junit.FeatureRunner.runChild(FeatureRunner.java:18)
	at org.junit.runners.ParentRunner$3.run(ParentRunner.java:290)
	at org.junit.runners.ParentRunner$1.schedule(ParentRunner.java:71)
	at org.junit.runners.ParentRunner.runChildren(ParentRunner.java:288)
	at org.junit.runners.ParentRunner.access$000(ParentRunner.java:58)
	at org.junit.runners.ParentRunner$2.evaluate(ParentRunner.java:268)
	at org.junit.runners.ParentRunner.run(ParentRunner.java:363)
	at cucumber.runtime.junit.FeatureRunner.run(FeatureRunner.java:70)
	at cucumber.api.junit.Cucumber.runChild(Cucumber.java:95)
	at cucumber.api.junit.Cucumber.runChild(Cucumber.java:38)
	at org.junit.runners.ParentRunner$3.run(ParentRunner.java:290)
	at org.junit.runners.ParentRunner$1.schedule(ParentRunner.java:71)
	at org.junit.runners.ParentRunner.runChildren(ParentRunner.java:288)
	at org.junit.runners.ParentRunner.access$000(ParentRunner.java:58)
	at org.junit.runners.ParentRunner$2.evaluate(ParentRunner.java:268)
	at org.junit.runners.ParentRunner.run(ParentRunner.java:363)
	at cucumber.api.junit.Cucumber.run(Cucumber.java:100)
	at org.apache.maven.surefire.junit4.JUnit4Provider.execute(JUnit4Provider.java:365)
	at org.apache.maven.surefire.junit4.JUnit4Provider.executeWithRerun(JUnit4Provider.java:272)
	at org.apache.maven.surefire.junit4.JUnit4Provider.executeTestSet(JUnit4Provider.java:236)
	at org.apache.maven.surefire.junit4.JUnit4Provider.invoke(JUnit4Provider.java:159)
	at org.apache.maven.surefire.booter.ForkedBooter.invokeProviderInSameClassLoader(ForkedBooter.java:386)
	at org.apache.maven.surefire.booter.ForkedBooter.runSuitesInProcess(ForkedBooter.java:323)
	at org.apache.maven.surefire.booter.ForkedBooter.main(ForkedBooter.java:143)
&amp#27;[0m
      &amp#27;[31morg.openqa.selenium.SessionNotCreatedException: Unable to create new remote session. desired capabilities = Capabilities [{app=/Users/cerebralfix/Library/Developer/Xcode/DerivedData/lounge7-cdhfrquecxrrngcfhktxoayaftxq/Build/Products/Debug-iphonesimulator/lounge7.app, appium-version=1.6, platformVersion=10.3, bundleId=com.bspot.casino101.test, browserName=, platformName=iOS, deviceName=iPhone 7 Plus}], required capabilities = Capabilities [{}]
      Build info: version: '3.0.1', revision: '1969d75', time: '2016-10-18 09:49:13 -0700'
      System info: host: 'cf-mac-020.local', ip: '192.168.1.148', os.name: 'Mac OS X', os.arch: 'x86_64', os.version: '10.12.6', java.version: '1.8.0_144'
      Driver info: driver.version: IOSDriver
      	at org.openqa.selenium.remote.ProtocolHandshake.createSession(ProtocolHandshake.java:91)
      	at org.openqa.selenium.remote.HttpCommandExecutor.execute(HttpCommandExecutor.java:141)
      	at io.appium.java_client.remote.AppiumCommandExecutor.execute(AppiumCommandExecutor.java:69)
      	at org.openqa.selenium.remote.RemoteWebDriver.execute(RemoteWebDriver.java:601)
      	at io.appium.java_client.DefaultGenericMobileDriver.execute(DefaultGenericMobileDriver.java:40)
      	at io.appium.java_client.AppiumDriver.execute(AppiumDriver.java:1)
      	at io.appium.java_client.ios.IOSDriver.execute(IOSDriver.java:1)
      	at org.openqa.selenium.remote.RemoteWebDriver.startSession(RemoteWebDriver.java:241)
      	at org.openqa.selenium.remote.RemoteWebDriver.<init>(RemoteWebDriver.java:128)
      	at org.openqa.selenium.remote.RemoteWebDriver.<init>(RemoteWebDriver.java:141)
      	at io.appium.java_client.DefaultGenericMobileDriver.<init>(DefaultGenericMobileDriver.java:36)
      	at io.appium.java_client.AppiumDriver.<init>(AppiumDriver.java:114)
      	at io.appium.java_client.AppiumDriver.<init>(AppiumDriver.java:132)
      	at io.appium.java_client.ios.IOSDriver.<init>(IOSDriver.java:82)
      	at Setup.AppiumSetup.createDriver(AppiumSetup.java:50)
      	at Setup.Hooks.beforeHookfunction(Hooks.java:18)
      	at sun.reflect.NativeMethodAccessorImpl.invoke0(Native Method)
      	at sun.reflect.NativeMethodAccessorImpl.invoke(NativeMethodAccessorImpl.java:62)
      	at sun.reflect.DelegatingMethodAccessorImpl.invoke(DelegatingMethodAccessorImpl.java:43)
      	at java.lang.reflect.Method.invoke(Method.java:498)
      	at cucumber.runtime.Utils$1.call(Utils.java:40)
      	at cucumber.runtime.Timeout.timeout(Timeout.java:16)
      	at cucumber.runtime.Utils.invoke(Utils.java:34)
      	at cucumber.runtime.java.JavaHookDefinition.execute(JavaHookDefinition.java:59)
      	at cucumber.runtime.Runtime.runHookIfTagsMatch(Runtime.java:224)
      	at cucumber.runtime.Runtime.runHooks(Runtime.java:212)
      	at cucumber.runtime.Runtime.runBeforeHooks(Runtime.java:202)
      	at cucumber.runtime.model.CucumberScenario.run(CucumberScenario.java:40)
      	at cucumber.runtime.junit.ExecutionUnitRunner.run(ExecutionUnitRunner.java:102)
      	at org.junit.runners.Suite.runChild(Suite.java:128)
      	at org.junit.runners.Suite.runChild(Suite.java:27)
      	at org.junit.runners.ParentRunner$3.run(ParentRunner.java:290)
      	at org.junit.runners.ParentRunner$1.schedule(ParentRunner.java:71)
      	at org.junit.runners.ParentRunner.runChildren(ParentRunner.java:288)
      	at org.junit.runners.ParentRunner.access$000(ParentRunner.java:58)
      	at org.junit.runners.ParentRunner$2.evaluate(ParentRunner.java:268)
      	at org.junit.runners.ParentRunner.run(ParentRunner.java:363)
      	at cucumber.runtime.junit.ExamplesRunner.run(ExamplesRunner.java:59)
      	at org.junit.runners.Suite.runChild(Suite.java:128)
      	at org.junit.runners.Suite.runChild(Suite.java:27)
      	at org.junit.runners.ParentRunner$3.run(ParentRunner.java:290)
      	at org.junit.runners.ParentRunner$1.schedule(ParentRunner.java:71)
      	at org.junit.runners.ParentRunner.runChildren(ParentRunner.java:288)
      	at org.junit.runners.ParentRunner.access$000(ParentRunner.java:58)
      	at org.junit.runners.ParentRunner$2.evaluate(ParentRunner.java:268)
      	at org.junit.runners.ParentRunner.run(ParentRunner.java:363)
      	at cucumber.runtime.junit.ScenarioOutlineRunner.run(ScenarioOutlineRunner.java:53)
      	at cucumber.runtime.junit.FeatureRunner.runChild(FeatureRunner.java:63)
      	at cucumber.runtime.junit.FeatureRunner.runChild(FeatureRunner.java:18)
      	at org.junit.runners.ParentRunner$3.run(ParentRunner.java:290)
      	at org.junit.runners.ParentRunner$1.schedule(ParentRunner.java:71)
      	at org.junit.runners.ParentRunner.runChildren(ParentRunner.java:288)
      	at org.junit.runners.ParentRunner.access$000(ParentRunner.java:58)
      	at org.junit.runners.ParentRunner$2.evaluate(ParentRunner.java:268)
      	at org.junit.runners.ParentRunner.run(ParentRunner.java:363)
      	at cucumber.runtime.junit.FeatureRunner.run(FeatureRunner.java:70)
      	at cucumber.api.junit.Cucumber.runChild(Cucumber.java:95)
      	at cucumber.api.junit.Cucumber.runChild(Cucumber.java:38)
      	at org.junit.runners.ParentRunner$3.run(ParentRunner.java:290)
      	at org.junit.runners.ParentRunner$1.schedule(ParentRunner.java:71)
      	at org.junit.runners.ParentRunner.runChildren(ParentRunner.java:288)
      	at org.junit.runners.ParentRunner.access$000(ParentRunner.java:58)
      	at org.junit.runners.ParentRunner$2.evaluate(ParentRunner.java:268)
      	at org.junit.runners.ParentRunner.run(ParentRunner.java:363)
      	at cucumber.api.junit.Cucumber.run(Cucumber.java:100)
      	at org.apache.maven.surefire.junit4.JUnit4Provider.execute(JUnit4Provider.java:365)
      	at org.apache.maven.surefire.junit4.JUnit4Provider.executeWithRerun(JUnit4Provider.java:272)
      	at org.apache.maven.surefire.junit4.JUnit4Provider.executeTestSet(JUnit4Provider.java:236)
      	at org.apache.maven.surefire.junit4.JUnit4Provider.invoke(JUnit4Provider.java:159)
      	at org.apache.maven.surefire.booter.ForkedBooter.invokeProviderInSameClassLoader(ForkedBooter.java:386)
      	at org.apache.maven.surefire.booter.ForkedBooter.runSuitesInProcess(ForkedBooter.java:323)
      	at org.apache.maven.surefire.booter.ForkedBooter.main(ForkedBooter.java:143)
      &amp#27;[0m
]]></system-out>
  </testcase>
  <testcase name="Then I click on login button" classname="| bspot@Cerebralfix.com |" time="0">
    <skipped/>
  </testcase>
  <testcase name="When I enter credentials &quot;bspot@ce&quot; as username" classname="| bspot@Cerebralfix.com |" time="0">
    <skipped/>
  </testcase>
  <testcase name="When I enter the credentials &quot;rebralfix.com&quot; as username" classname="| bspot@Cerebralfix.com |" time="0">
    <skipped/>
  </testcase>
  <testcase name="| bsoptt@Cerebralfix.com |" classname="| bsoptt@Cerebralfix.com |" time="57.469">
    <error message="Unable to create new remote session. desired capabilities = Capabilities [{app=/Users/cerebralfix/Library/Developer/Xcode/DerivedData/lounge7-cdhfrquecxrrngcfhktxoayaftxq/Build/Products/Debug-iphonesimulator/lounge7.app, appium-version=1.6, platformVersion=10.3, bundleId=com.bspot.casino101.test, browserName=, platformName=iOS, deviceName=iPhone 7 Plus}], required capabilities = Capabilities [{}]&#10;Build info: version: &apos;3.0.1&apos;, revision: &apos;1969d75&apos;, time: &apos;2016-10-18 09:49:13 -0700&apos;&#10;System info: host: &apos;cf-mac-020.local&apos;, ip: &apos;192.168.1.148&apos;, os.name: &apos;Mac OS X&apos;, os.arch: &apos;x86_64&apos;, os.version: &apos;10.12.6&apos;, java.version: &apos;1.8.0_144&apos;&#10;Driver info: driver.version: IOSDriver" type="org.openqa.selenium.SessionNotCreatedException">org.openqa.selenium.SessionNotCreatedException: 
Unable to create new remote session. desired capabilities = Capabilities [{app=/Users/cerebralfix/Library/Developer/Xcode/DerivedData/lounge7-cdhfrquecxrrngcfhktxoayaftxq/Build/Products/Debug-iphonesimulator/lounge7.app, appium-version=1.6, platformVersion=10.3, bundleId=com.bspot.casino101.test, browserName=, platformName=iOS, deviceName=iPhone 7 Plus}], required capabilities = Capabilities [{}]
Build info: version: '3.0.1', revision: '1969d75', time: '2016-10-18 09:49:13 -0700'
System info: host: 'cf-mac-020.local', ip: '192.168.1.148', os.name: 'Mac OS X', os.arch: 'x86_64', os.version: '10.12.6', java.version: '1.8.0_144'
Driver info: driver.version: IOSDriver
</error>
    <system-out><![CDATA[&amp#27;[31mFailure in after hook:&amp#27;[0m&amp#27;[31mHooks.afterHookfunction()&amp#27;[0m
&amp#27;[31mMessage: &amp#27;[0m&amp#27;[31mjava.lang.NullPointerException
	at Setup.AppiumSetup.teardown(AppiumSetup.java:60)
	at Setup.Hooks.afterHookfunction(Hooks.java:24)
	at sun.reflect.NativeMethodAccessorImpl.invoke0(Native Method)
	at sun.reflect.NativeMethodAccessorImpl.invoke(NativeMethodAccessorImpl.java:62)
	at sun.reflect.DelegatingMethodAccessorImpl.invoke(DelegatingMethodAccessorImpl.java:43)
	at java.lang.reflect.Method.invoke(Method.java:498)
	at cucumber.runtime.Utils$1.call(Utils.java:40)
	at cucumber.runtime.Timeout.timeout(Timeout.java:16)
	at cucumber.runtime.Utils.invoke(Utils.java:34)
	at cucumber.runtime.java.JavaHookDefinition.execute(JavaHookDefinition.java:59)
	at cucumber.runtime.Runtime.runHookIfTagsMatch(Runtime.java:224)
	at cucumber.runtime.Runtime.runHooks(Runtime.java:212)
	at cucumber.runtime.Runtime.runAfterHooks(Runtime.java:206)
	at cucumber.runtime.model.CucumberScenario.run(CucumberScenario.java:46)
	at cucumber.runtime.junit.ExecutionUnitRunner.run(ExecutionUnitRunner.java:102)
	at org.junit.runners.Suite.runChild(Suite.java:128)
	at org.junit.runners.Suite.runChild(Suite.java:27)
	at org.junit.runners.ParentRunner$3.run(ParentRunner.java:290)
	at org.junit.runners.ParentRunner$1.schedule(ParentRunner.java:71)
	at org.junit.runners.ParentRunner.runChildren(ParentRunner.java:288)
	at org.junit.runners.ParentRunner.access$000(ParentRunner.java:58)
	at org.junit.runners.ParentRunner$2.evaluate(ParentRunner.java:268)
	at org.junit.runners.ParentRunner.run(ParentRunner.java:363)
	at cucumber.runtime.junit.ExamplesRunner.run(ExamplesRunner.java:59)
	at org.junit.runners.Suite.runChild(Suite.java:128)
	at org.junit.runners.Suite.runChild(Suite.java:27)
	at org.junit.runners.ParentRunner$3.run(ParentRunner.java:290)
	at org.junit.runners.ParentRunner$1.schedule(ParentRunner.java:71)
	at org.junit.runners.ParentRunner.runChildren(ParentRunner.java:288)
	at org.junit.runners.ParentRunner.access$000(ParentRunner.java:58)
	at org.junit.runners.ParentRunner$2.evaluate(ParentRunner.java:268)
	at org.junit.runners.ParentRunner.run(ParentRunner.java:363)
	at cucumber.runtime.junit.ScenarioOutlineRunner.run(ScenarioOutlineRunner.java:53)
	at cucumber.runtime.junit.FeatureRunner.runChild(FeatureRunner.java:63)
	at cucumber.runtime.junit.FeatureRunner.runChild(FeatureRunner.java:18)
	at org.junit.runners.ParentRunner$3.run(ParentRunner.java:290)
	at org.junit.runners.ParentRunner$1.schedule(ParentRunner.java:71)
	at org.junit.runners.ParentRunner.runChildren(ParentRunner.java:288)
	at org.junit.runners.ParentRunner.access$000(ParentRunner.java:58)
	at org.junit.runners.ParentRunner$2.evaluate(ParentRunner.java:268)
	at org.junit.runners.ParentRunner.run(ParentRunner.java:363)
	at cucumber.runtime.junit.FeatureRunner.run(FeatureRunner.java:70)
	at cucumber.api.junit.Cucumber.runChild(Cucumber.java:95)
	at cucumber.api.junit.Cucumber.runChild(Cucumber.java:38)
	at org.junit.runners.ParentRunner$3.run(ParentRunner.java:290)
	at org.junit.runners.ParentRunner$1.schedule(ParentRunner.java:71)
	at org.junit.runners.ParentRunner.runChildren(ParentRunner.java:288)
	at org.junit.runners.ParentRunner.access$000(ParentRunner.java:58)
	at org.junit.runners.ParentRunner$2.evaluate(ParentRunner.java:268)
	at org.junit.runners.ParentRunner.run(ParentRunner.java:363)
	at cucumber.api.junit.Cucumber.run(Cucumber.java:100)
	at org.apache.maven.surefire.junit4.JUnit4Provider.execute(JUnit4Provider.java:365)
	at org.apache.maven.surefire.junit4.JUnit4Provider.executeWithRerun(JUnit4Provider.java:272)
	at org.apache.maven.surefire.junit4.JUnit4Provider.executeTestSet(JUnit4Provider.java:236)
	at org.apache.maven.surefire.junit4.JUnit4Provider.invoke(JUnit4Provider.java:159)
	at org.apache.maven.surefire.booter.ForkedBooter.invokeProviderInSameClassLoader(ForkedBooter.java:386)
	at org.apache.maven.surefire.booter.ForkedBooter.runSuitesInProcess(ForkedBooter.java:323)
	at org.apache.maven.surefire.booter.ForkedBooter.main(ForkedBooter.java:143)
&amp#27;[0m
      &amp#27;[31mjava.lang.NullPointerException
      	at Setup.AppiumSetup.teardown(AppiumSetup.java:60)
      	at Setup.Hooks.afterHookfunction(Hooks.java:24)
      	at sun.reflect.NativeMethodAccessorImpl.invoke0(Native Method)
      	at sun.reflect.NativeMethodAccessorImpl.invoke(NativeMethodAccessorImpl.java:62)
      	at sun.reflect.DelegatingMethodAccessorImpl.invoke(DelegatingMethodAccessorImpl.java:43)
      	at java.lang.reflect.Method.invoke(Method.java:498)
      	at cucumber.runtime.Utils$1.call(Utils.java:40)
      	at cucumber.runtime.Timeout.timeout(Timeout.java:16)
      	at cucumber.runtime.Utils.invoke(Utils.java:34)
      	at cucumber.runtime.java.JavaHookDefinition.execute(JavaHookDefinition.java:59)
      	at cucumber.runtime.Runtime.runHookIfTagsMatch(Runtime.java:224)
      	at cucumber.runtime.Runtime.runHooks(Runtime.java:212)
      	at cucumber.runtime.Runtime.runAfterHooks(Runtime.java:206)
      	at cucumber.runtime.model.CucumberScenario.run(CucumberScenario.java:46)
      	at cucumber.runtime.junit.ExecutionUnitRunner.run(ExecutionUnitRunner.java:102)
      	at org.junit.runners.Suite.runChild(Suite.java:128)
      	at org.junit.runners.Suite.runChild(Suite.java:27)
      	at org.junit.runners.ParentRunner$3.run(ParentRunner.java:290)
      	at org.junit.runners.ParentRunner$1.schedule(ParentRunner.java:71)
      	at org.junit.runners.ParentRunner.runChildren(ParentRunner.java:288)
      	at org.junit.runners.ParentRunner.access$000(ParentRunner.java:58)
      	at org.junit.runners.ParentRunner$2.evaluate(ParentRunner.java:268)
      	at org.junit.runners.ParentRunner.run(ParentRunner.java:363)
      	at cucumber.runtime.junit.ExamplesRunner.run(ExamplesRunner.java:59)
      	at org.junit.runners.Suite.runChild(Suite.java:128)
      	at org.junit.runners.Suite.runChild(Suite.java:27)
      	at org.junit.runners.ParentRunner$3.run(ParentRunner.java:290)
      	at org.junit.runners.ParentRunner$1.schedule(ParentRunner.java:71)
      	at org.junit.runners.ParentRunner.runChildren(ParentRunner.java:288)
      	at org.junit.runners.ParentRunner.access$000(ParentRunner.java:58)
      	at org.junit.runners.ParentRunner$2.evaluate(ParentRunner.java:268)
      	at org.junit.runners.ParentRunner.run(ParentRunner.java:363)
      	at cucumber.runtime.junit.ScenarioOutlineRunner.run(ScenarioOutlineRunner.java:53)
      	at cucumber.runtime.junit.FeatureRunner.runChild(FeatureRunner.java:63)
      	at cucumber.runtime.junit.FeatureRunner.runChild(FeatureRunner.java:18)
      	at org.junit.runners.ParentRunner$3.run(ParentRunner.java:290)
      	at org.junit.runners.ParentRunner$1.schedule(ParentRunner.java:71)
      	at org.junit.runners.ParentRunner.runChildren(ParentRunner.java:288)
      	at org.junit.runners.ParentRunner.access$000(ParentRunner.java:58)
      	at org.junit.runners.ParentRunner$2.evaluate(ParentRunner.java:268)
      	at org.junit.runners.ParentRunner.run(ParentRunner.java:363)
      	at cucumber.runtime.junit.FeatureRunner.run(FeatureRunner.java:70)
      	at cucumber.api.junit.Cucumber.runChild(Cucumber.java:95)
      	at cucumber.api.junit.Cucumber.runChild(Cucumber.java:38)
      	at org.junit.runners.ParentRunner$3.run(ParentRunner.java:290)
      	at org.junit.runners.ParentRunner$1.schedule(ParentRunner.java:71)
      	at org.junit.runners.ParentRunner.runChildren(ParentRunner.java:288)
      	at org.junit.runners.ParentRunner.access$000(ParentRunner.java:58)
      	at org.junit.runners.ParentRunner$2.evaluate(ParentRunner.java:268)
      	at org.junit.runners.ParentRunner.run(ParentRunner.java:363)
      	at cucumber.api.junit.Cucumber.run(Cucumber.java:100)
      	at org.apache.maven.surefire.junit4.JUnit4Provider.execute(JUnit4Provider.java:365)
      	at org.apache.maven.surefire.junit4.JUnit4Provider.executeWithRerun(JUnit4Provider.java:272)
      	at org.apache.maven.surefire.junit4.JUnit4Provider.executeTestSet(JUnit4Provider.java:236)
      	at org.apache.maven.surefire.junit4.JUnit4Provider.invoke(JUnit4Provider.java:159)
      	at org.apache.maven.surefire.booter.ForkedBooter.invokeProviderInSameClassLoader(ForkedBooter.java:386)
      	at org.apache.maven.surefire.booter.ForkedBooter.runSuitesInProcess(ForkedBooter.java:323)
      	at org.apache.maven.surefire.booter.ForkedBooter.main(ForkedBooter.java:143)
      &amp#27;[0m
]]></system-out>
    <system-err><![CDATA[Sep 11, 2017 4:35:24 PM org.openqa.selenium.remote.ProtocolHandshake createSession
INFO: Attempting bi-dialect session, assuming Postel's Law holds true on the remote end
Sep 11, 2017 4:35:30 PM org.openqa.selenium.remote.ProtocolHandshake createSession
INFO: Falling back to original OSS JSON Wire Protocol.
Sep 11, 2017 4:35:31 PM org.openqa.selenium.remote.ProtocolHandshake createSession
INFO: Falling back to straight W3C remote end connection
]]></system-err>
  </testcase>
  <testcase name="| bsoptt@Cerebralfix.com |" classname="| bsoptt@Cerebralfix.com |" time="57.484">
    <error type="java.lang.NullPointerException">java.lang.NullPointerException
</error>
  </testcase>
  <testcase name="Given I open application on device" classname="| bsoptt@Cerebralfix.com |" time="0">
    <skipped/>
    <system-out><![CDATA[&amp#27;[31mFailure in before hook:&amp#27;[0m&amp#27;[31mHooks.beforeHookfunction()&amp#27;[0m
&amp#27;[31mMessage: &amp#27;[0m&amp#27;[31morg.openqa.selenium.SessionNotCreatedException: Unable to create new remote session. desired capabilities = Capabilities [{app=/Users/cerebralfix/Library/Developer/Xcode/DerivedData/lounge7-cdhfrquecxrrngcfhktxoayaftxq/Build/Products/Debug-iphonesimulator/lounge7.app, appium-version=1.6, platformVersion=10.3, bundleId=com.bspot.casino101.test, browserName=, platformName=iOS, deviceName=iPhone 7 Plus}], required capabilities = Capabilities [{}]
Build info: version: '3.0.1', revision: '1969d75', time: '2016-10-18 09:49:13 -0700'
System info: host: 'cf-mac-020.local', ip: '192.168.1.148', os.name: 'Mac OS X', os.arch: 'x86_64', os.version: '10.12.6', java.version: '1.8.0_144'
Driver info: driver.version: IOSDriver
	at org.openqa.selenium.remote.ProtocolHandshake.createSession(ProtocolHandshake.java:91)
	at org.openqa.selenium.remote.HttpCommandExecutor.execute(HttpCommandExecutor.java:141)
	at io.appium.java_client.remote.AppiumCommandExecutor.execute(AppiumCommandExecutor.java:69)
	at org.openqa.selenium.remote.RemoteWebDriver.execute(RemoteWebDriver.java:601)
	at io.appium.java_client.DefaultGenericMobileDriver.execute(DefaultGenericMobileDriver.java:40)
	at io.appium.java_client.AppiumDriver.execute(AppiumDriver.java:1)
	at io.appium.java_client.ios.IOSDriver.execute(IOSDriver.java:1)
	at org.openqa.selenium.remote.RemoteWebDriver.startSession(RemoteWebDriver.java:241)
	at org.openqa.selenium.remote.RemoteWebDriver.<init>(RemoteWebDriver.java:128)
	at org.openqa.selenium.remote.RemoteWebDriver.<init>(RemoteWebDriver.java:141)
	at io.appium.java_client.DefaultGenericMobileDriver.<init>(DefaultGenericMobileDriver.java:36)
	at io.appium.java_client.AppiumDriver.<init>(AppiumDriver.java:114)
	at io.appium.java_client.AppiumDriver.<init>(AppiumDriver.java:132)
	at io.appium.java_client.ios.IOSDriver.<init>(IOSDriver.java:82)
	at Setup.AppiumSetup.createDriver(AppiumSetup.java:50)
	at Setup.Hooks.beforeHookfunction(Hooks.java:18)
	at sun.reflect.NativeMethodAccessorImpl.invoke0(Native Method)
	at sun.reflect.NativeMethodAccessorImpl.invoke(NativeMethodAccessorImpl.java:62)
	at sun.reflect.DelegatingMethodAccessorImpl.invoke(DelegatingMethodAccessorImpl.java:43)
	at java.lang.reflect.Method.invoke(Method.java:498)
	at cucumber.runtime.Utils$1.call(Utils.java:40)
	at cucumber.runtime.Timeout.timeout(Timeout.java:16)
	at cucumber.runtime.Utils.invoke(Utils.java:34)
	at cucumber.runtime.java.JavaHookDefinition.execute(JavaHookDefinition.java:59)
	at cucumber.runtime.Runtime.runHookIfTagsMatch(Runtime.java:224)
	at cucumber.runtime.Runtime.runHooks(Runtime.java:212)
	at cucumber.runtime.Runtime.runBeforeHooks(Runtime.java:202)
	at cucumber.runtime.model.CucumberScenario.run(CucumberScenario.java:40)
	at cucumber.runtime.junit.ExecutionUnitRunner.run(ExecutionUnitRunner.java:102)
	at org.junit.runners.Suite.runChild(Suite.java:128)
	at org.junit.runners.Suite.runChild(Suite.java:27)
	at org.junit.runners.ParentRunner$3.run(ParentRunner.java:290)
	at org.junit.runners.ParentRunner$1.schedule(ParentRunner.java:71)
	at org.junit.runners.ParentRunner.runChildren(ParentRunner.java:288)
	at org.junit.runners.ParentRunner.access$000(ParentRunner.java:58)
	at org.junit.runners.ParentRunner$2.evaluate(ParentRunner.java:268)
	at org.junit.runners.ParentRunner.run(ParentRunner.java:363)
	at cucumber.runtime.junit.ExamplesRunner.run(ExamplesRunner.java:59)
	at org.junit.runners.Suite.runChild(Suite.java:128)
	at org.junit.runners.Suite.runChild(Suite.java:27)
	at org.junit.runners.ParentRunner$3.run(ParentRunner.java:290)
	at org.junit.runners.ParentRunner$1.schedule(ParentRunner.java:71)
	at org.junit.runners.ParentRunner.runChildren(ParentRunner.java:288)
	at org.junit.runners.ParentRunner.access$000(ParentRunner.java:58)
	at org.junit.runners.ParentRunner$2.evaluate(ParentRunner.java:268)
	at org.junit.runners.ParentRunner.run(ParentRunner.java:363)
	at cucumber.runtime.junit.ScenarioOutlineRunner.run(ScenarioOutlineRunner.java:53)
	at cucumber.runtime.junit.FeatureRunner.runChild(FeatureRunner.java:63)
	at cucumber.runtime.junit.FeatureRunner.runChild(FeatureRunner.java:18)
	at org.junit.runners.ParentRunner$3.run(ParentRunner.java:290)
	at org.junit.runners.ParentRunner$1.schedule(ParentRunner.java:71)
	at org.junit.runners.ParentRunner.runChildren(ParentRunner.java:288)
	at org.junit.runners.ParentRunner.access$000(ParentRunner.java:58)
	at org.junit.runners.ParentRunner$2.evaluate(ParentRunner.java:268)
	at org.junit.runners.ParentRunner.run(ParentRunner.java:363)
	at cucumber.runtime.junit.FeatureRunner.run(FeatureRunner.java:70)
	at cucumber.api.junit.Cucumber.runChild(Cucumber.java:95)
	at cucumber.api.junit.Cucumber.runChild(Cucumber.java:38)
	at org.junit.runners.ParentRunner$3.run(ParentRunner.java:290)
	at org.junit.runners.ParentRunner$1.schedule(ParentRunner.java:71)
	at org.junit.runners.ParentRunner.runChildren(ParentRunner.java:288)
	at org.junit.runners.ParentRunner.access$000(ParentRunner.java:58)
	at org.junit.runners.ParentRunner$2.evaluate(ParentRunner.java:268)
	at org.junit.runners.ParentRunner.run(ParentRunner.java:363)
	at cucumber.api.junit.Cucumber.run(Cucumber.java:100)
	at org.apache.maven.surefire.junit4.JUnit4Provider.execute(JUnit4Provider.java:365)
	at org.apache.maven.surefire.junit4.JUnit4Provider.executeWithRerun(JUnit4Provider.java:272)
	at org.apache.maven.surefire.junit4.JUnit4Provider.executeTestSet(JUnit4Provider.java:236)
	at org.apache.maven.surefire.junit4.JUnit4Provider.invoke(JUnit4Provider.java:159)
	at org.apache.maven.surefire.booter.ForkedBooter.invokeProviderInSameClassLoader(ForkedBooter.java:386)
	at org.apache.maven.surefire.booter.ForkedBooter.runSuitesInProcess(ForkedBooter.java:323)
	at org.apache.maven.surefire.booter.ForkedBooter.main(ForkedBooter.java:143)
&amp#27;[0m
      &amp#27;[31morg.openqa.selenium.SessionNotCreatedException: Unable to create new remote session. desired capabilities = Capabilities [{app=/Users/cerebralfix/Library/Developer/Xcode/DerivedData/lounge7-cdhfrquecxrrngcfhktxoayaftxq/Build/Products/Debug-iphonesimulator/lounge7.app, appium-version=1.6, platformVersion=10.3, bundleId=com.bspot.casino101.test, browserName=, platformName=iOS, deviceName=iPhone 7 Plus}], required capabilities = Capabilities [{}]
      Build info: version: '3.0.1', revision: '1969d75', time: '2016-10-18 09:49:13 -0700'
      System info: host: 'cf-mac-020.local', ip: '192.168.1.148', os.name: 'Mac OS X', os.arch: 'x86_64', os.version: '10.12.6', java.version: '1.8.0_144'
      Driver info: driver.version: IOSDriver
      	at org.openqa.selenium.remote.ProtocolHandshake.createSession(ProtocolHandshake.java:91)
      	at org.openqa.selenium.remote.HttpCommandExecutor.execute(HttpCommandExecutor.java:141)
      	at io.appium.java_client.remote.AppiumCommandExecutor.execute(AppiumCommandExecutor.java:69)
      	at org.openqa.selenium.remote.RemoteWebDriver.execute(RemoteWebDriver.java:601)
      	at io.appium.java_client.DefaultGenericMobileDriver.execute(DefaultGenericMobileDriver.java:40)
      	at io.appium.java_client.AppiumDriver.execute(AppiumDriver.java:1)
      	at io.appium.java_client.ios.IOSDriver.execute(IOSDriver.java:1)
      	at org.openqa.selenium.remote.RemoteWebDriver.startSession(RemoteWebDriver.java:241)
      	at org.openqa.selenium.remote.RemoteWebDriver.<init>(RemoteWebDriver.java:128)
      	at org.openqa.selenium.remote.RemoteWebDriver.<init>(RemoteWebDriver.java:141)
      	at io.appium.java_client.DefaultGenericMobileDriver.<init>(DefaultGenericMobileDriver.java:36)
      	at io.appium.java_client.AppiumDriver.<init>(AppiumDriver.java:114)
      	at io.appium.java_client.AppiumDriver.<init>(AppiumDriver.java:132)
      	at io.appium.java_client.ios.IOSDriver.<init>(IOSDriver.java:82)
      	at Setup.AppiumSetup.createDriver(AppiumSetup.java:50)
      	at Setup.Hooks.beforeHookfunction(Hooks.java:18)
      	at sun.reflect.NativeMethodAccessorImpl.invoke0(Native Method)
      	at sun.reflect.NativeMethodAccessorImpl.invoke(NativeMethodAccessorImpl.java:62)
      	at sun.reflect.DelegatingMethodAccessorImpl.invoke(DelegatingMethodAccessorImpl.java:43)
      	at java.lang.reflect.Method.invoke(Method.java:498)
      	at cucumber.runtime.Utils$1.call(Utils.java:40)
      	at cucumber.runtime.Timeout.timeout(Timeout.java:16)
      	at cucumber.runtime.Utils.invoke(Utils.java:34)
      	at cucumber.runtime.java.JavaHookDefinition.execute(JavaHookDefinition.java:59)
      	at cucumber.runtime.Runtime.runHookIfTagsMatch(Runtime.java:224)
      	at cucumber.runtime.Runtime.runHooks(Runtime.java:212)
      	at cucumber.runtime.Runtime.runBeforeHooks(Runtime.java:202)
      	at cucumber.runtime.model.CucumberScenario.run(CucumberScenario.java:40)
      	at cucumber.runtime.junit.ExecutionUnitRunner.run(ExecutionUnitRunner.java:102)
      	at org.junit.runners.Suite.runChild(Suite.java:128)
      	at org.junit.runners.Suite.runChild(Suite.java:27)
      	at org.junit.runners.ParentRunner$3.run(ParentRunner.java:290)
      	at org.junit.runners.ParentRunner$1.schedule(ParentRunner.java:71)
      	at org.junit.runners.ParentRunner.runChildren(ParentRunner.java:288)
      	at org.junit.runners.ParentRunner.access$000(ParentRunner.java:58)
      	at org.junit.runners.ParentRunner$2.evaluate(ParentRunner.java:268)
      	at org.junit.runners.ParentRunner.run(ParentRunner.java:363)
      	at cucumber.runtime.junit.ExamplesRunner.run(ExamplesRunner.java:59)
      	at org.junit.runners.Suite.runChild(Suite.java:128)
      	at org.junit.runners.Suite.runChild(Suite.java:27)
      	at org.junit.runners.ParentRunner$3.run(ParentRunner.java:290)
      	at org.junit.runners.ParentRunner$1.schedule(ParentRunner.java:71)
      	at org.junit.runners.ParentRunner.runChildren(ParentRunner.java:288)
      	at org.junit.runners.ParentRunner.access$000(ParentRunner.java:58)
      	at org.junit.runners.ParentRunner$2.evaluate(ParentRunner.java:268)
      	at org.junit.runners.ParentRunner.run(ParentRunner.java:363)
      	at cucumber.runtime.junit.ScenarioOutlineRunner.run(ScenarioOutlineRunner.java:53)
      	at cucumber.runtime.junit.FeatureRunner.runChild(FeatureRunner.java:63)
      	at cucumber.runtime.junit.FeatureRunner.runChild(FeatureRunner.java:18)
      	at org.junit.runners.ParentRunner$3.run(ParentRunner.java:290)
      	at org.junit.runners.ParentRunner$1.schedule(ParentRunner.java:71)
      	at org.junit.runners.ParentRunner.runChildren(ParentRunner.java:288)
      	at org.junit.runners.ParentRunner.access$000(ParentRunner.java:58)
      	at org.junit.runners.ParentRunner$2.evaluate(ParentRunner.java:268)
      	at org.junit.runners.ParentRunner.run(ParentRunner.java:363)
      	at cucumber.runtime.junit.FeatureRunner.run(FeatureRunner.java:70)
      	at cucumber.api.junit.Cucumber.runChild(Cucumber.java:95)
      	at cucumber.api.junit.Cucumber.runChild(Cucumber.java:38)
      	at org.junit.runners.ParentRunner$3.run(ParentRunner.java:290)
      	at org.junit.runners.ParentRunner$1.schedule(ParentRunner.java:71)
      	at org.junit.runners.ParentRunner.runChildren(ParentRunner.java:288)
      	at org.junit.runners.ParentRunner.access$000(ParentRunner.java:58)
      	at org.junit.runners.ParentRunner$2.evaluate(ParentRunner.java:268)
      	at org.junit.runners.ParentRunner.run(ParentRunner.java:363)
      	at cucumber.api.junit.Cucumber.run(Cucumber.java:100)
      	at org.apache.maven.surefire.junit4.JUnit4Provider.execute(JUnit4Provider.java:365)
      	at org.apache.maven.surefire.junit4.JUnit4Provider.executeWithRerun(JUnit4Provider.java:272)
      	at org.apache.maven.surefire.junit4.JUnit4Provider.executeTestSet(JUnit4Provider.java:236)
      	at org.apache.maven.surefire.junit4.JUnit4Provider.invoke(JUnit4Provider.java:159)
      	at org.apache.maven.surefire.booter.ForkedBooter.invokeProviderInSameClassLoader(ForkedBooter.java:386)
      	at org.apache.maven.surefire.booter.ForkedBooter.runSuitesInProcess(ForkedBooter.java:323)
      	at org.apache.maven.surefire.booter.ForkedBooter.main(ForkedBooter.java:143)
      &amp#27;[0m

  @Login
  Scenario Outline: Login to app with differnet username and passowrd using scenario outline &amp#27;[90m# features/Chekc.feature:13&amp#27;[0m
    &amp#27;[36mGiven &amp#27;[0m&amp#27;[36mI open application on device&amp#27;[0m                                                       &amp#27;[90m# SD.i_open_application_on_device()&amp#27;[0m
    &amp#27;[36mThen &amp#27;[0m&amp#27;[36mI click on login button&amp#27;[0m                                                             &amp#27;[90m# SD.i_click_on_login_button()&amp#27;[0m
    &amp#27;[36mWhen &amp#27;[0m&amp#27;[36mI enter credentials "&amp#27;[0m&amp#27;[36m&amp#27;[1mbspot@ce&amp#27;[0m&amp#27;[36m" as username&amp#27;[0m                                          &amp#27;[90m# SD.iEnterCredentialsAsUsername(String)&amp#27;[0m
    &amp#27;[36mWhen &amp#27;[0m&amp#27;[36mI enter the credentials "&amp#27;[0m&amp#27;[36m&amp#27;[1mrebralfix.com&amp#27;[0m&amp#27;[36m" as username&amp#27;[0m                                 &amp#27;[90m# SD.iEnterTheCredentialsAsUsername(String)&amp#27;[0m
]]></system-out>
  </testcase>
  <testcase name="Then I click on login button" classname="| bsoptt@Cerebralfix.com |" time="0">
    <skipped/>
  </testcase>
  <testcase name="When I enter credentials &quot;bspot@ce&quot; as username" classname="| bsoptt@Cerebralfix.com |" time="0">
    <skipped/>
  </testcase>
  <testcase name="When I enter the credentials &quot;rebralfix.com&quot; as username" classname="| bsoptt@Cerebralfix.com |" time="0">
    <skipped/>
  </testcase>
</testsuite>